Temp/gradleOut/build/outputs/logs/manifest-merger-release-report.txt
-- Merging decision tree log ---
manifest
ADDED from src/main/AndroidManifest.xml:2:1-24:12
INJECTED from src/main/AndroidManifest.xml:2:1-24:12
INJECTED from src/main/AndroidManifest.xml:2:1-24:12
INJECTED from src/main/AndroidManifest.xml:2:1-24:12
MERGED from [:arcore_client:] AndroidManifest.xml:17:1-46:12
MERGED from [:arcore_unity:] AndroidManifest.xml:2:1-8:12
MERGED from [:google_ar_required:] AndroidManifest.xml:2:1-11:12
MERGED from [:unityandroidpermissions:] AndroidManifest.xml:6:1-15:12
MERGED from [:unitygar:] AndroidManifest.xml:2:1-11:12
INJECTED from src/main/AndroidManifest.xml:2:1-24:12
INJECTED from src/main/AndroidManifest.xml:2:1-24:12
INJECTED from src/main/AndroidManifest.xml:2:1-24:12
	package
		ADDED from src/main/AndroidManifest.xml:2:70-100
		INJECTED from src/main/AndroidManifest.xml
		INJECTED from src/main/AndroidManifest.xml
	android:versionName
		ADDED from src/main/AndroidManifest.xml:2:125-150
		INJECTED from src/main/AndroidManifest.xml
		INJECTED from src/main/AndroidManifest.xml
	xmlns:android
		ADDED from src/main/AndroidManifest.xml:2:11-69
	android:versionCode
		ADDED from src/main/AndroidManifest.xml:2:101-124
		INJECTED from src/main/AndroidManifest.xml
		INJECTED from src/main/AndroidManifest.xml
	android:installLocation
		ADDED from src/main/AndroidManifest.xml:2:151-191
uses-sdk
ADDED from src/main/AndroidManifest.xml:3:3-72
INJECTED from src/main/AndroidManifest.xml:3:3-72
INJECTED from src/main/AndroidManifest.xml:3:3-72
MERGED from [:arcore_client:] AndroidManifest.xml:26:5-28:41
MERGED from [:arcore_client:] AndroidManifest.xml:26:5-28:41
MERGED from [:google_ar_required:] AndroidManifest.xml:6:5-43
MERGED from [:google_ar_required:] AndroidManifest.xml:6:5-43
MERGED from [:unityandroidpermissions:] AndroidManifest.xml:11:5-13:41
MERGED from [:unityandroidpermissions:] AndroidManifest.xml:11:5-13:41
MERGED from [:unitygar:] AndroidManifest.xml:7:5-9:41
MERGED from [:unitygar:] AndroidManifest.xml:7:5-9:41
INJECTED from src/main/AndroidManifest.xml:3:3-72
INJECTED from src/main/AndroidManifest.xml:3:3-72
	android:targetSdkVersion
		ADDED from src/main/AndroidManifest.xml:3:40-69
		INJECTED from src/main/AndroidManifest.xml
		INJECTED from src/main/AndroidManifest.xml
	android:minSdkVersion
		ADDED from src/main/AndroidManifest.xml:3:13-39
		INJECTED from src/main/AndroidManifest.xml
		INJECTED from src/main/AndroidManifest.xml
application
ADDED from src/main/AndroidManifest.xml:4:3-16:17
MERGED from [:arcore_client:] AndroidManifest.xml:30:5-44:19
MERGED from [:arcore_client:] AndroidManifest.xml:30:5-44:19
MERGED from [:arcore_unity:] AndroidManifest.xml:5:5-6:19
MERGED from [:arcore_unity:] AndroidManifest.xml:5:5-6:19
MERGED from [:google_ar_required:] AndroidManifest.xml:7:5-9:19
MERGED from [:google_ar_required:] AndroidManifest.xml:7:5-9:19
	android:label
		ADDED from src/main/AndroidManifest.xml:4:16-48
	android:icon
		ADDED from src/main/AndroidManifest.xml:4:49-80
activity#com.plugin.speech.pluginlibrary.ActivityClass
ADDED from src/main/AndroidManifest.xml:5:5-10:16
	android:label
		ADDED from src/main/AndroidManifest.xml:5:234-266
	android:configChanges
		ADDED from src/main/AndroidManifest.xml:5:76-233
	android:name
		ADDED from src/main/AndroidManifest.xml:5:15-75
intent-filter#action:name:android.intent.action.MAIN+category:name:android.intent.category.LAUNCHER
ADDED from src/main/AndroidManifest.xml:6:7-9:23
action#android.intent.action.MAIN
ADDED from src/main/AndroidManifest.xml:7:9-61
	android:name
		ADDED from src/main/AndroidManifest.xml:7:17-58
category#android.intent.category.LAUNCHER
ADDED from src/main/AndroidManifest.xml:8:9-69
	android:name
		ADDED from src/main/AndroidManifest.xml:8:19-66
meta-data#unity.tango-enable
ADDED from src/main/AndroidManifest.xml:11:5-73
	android:value
		ADDED from src/main/AndroidManifest.xml:11:50-70
	android:name
		ADDED from src/main/AndroidManifest.xml:11:16-49
meta-data#unityplayer.SkipPermissionsDialog
ADDED from src/main/AndroidManifest.xml:12:5-88
	android:value
		ADDED from src/main/AndroidManifest.xml:12:65-85
	android:name
		ADDED from src/main/AndroidManifest.xml:12:16-64
meta-data#unity.build-id
ADDED from src/main/AndroidManifest.xml:13:5-101
	android:value
		ADDED from src/main/AndroidManifest.xml:13:46-98
	android:name
		ADDED from src/main/AndroidManifest.xml:13:16-45
meta-data#unity.splash-mode
ADDED from src/main/AndroidManifest.xml:14:5-69
	android:value
		ADDED from src/main/AndroidManifest.xml:14:49-66
	android:name
		ADDED from src/main/AndroidManifest.xml:14:16-48
meta-data#unity.splash-enable
ADDED from src/main/AndroidManifest.xml:15:5-74
	android:value
		ADDED from src/main/AndroidManifest.xml:15:51-71
	android:name
		ADDED from src/main/AndroidManifest.xml:15:16-50
uses-feature#0x00020000
ADDED from src/main/AndroidManifest.xml:17:3-52
	android:glEsVersion
		ADDED from src/main/AndroidManifest.xml:17:17-49
uses-permission#android.permission.CAMERA
ADDED from src/main/AndroidManifest.xml:18:3-63
	android:name
		ADDED from src/main/AndroidManifest.xml:18:20-60
uses-permission#android.permission.INTERNET
ADDED from src/main/AndroidManifest.xml:19:3-65
	android:name
		ADDED from src/main/AndroidManifest.xml:19:20-62
uses-permission#android.permission.CHANGE_WIFI_MULTICAST_STATE
ADDED from src/main/AndroidManifest.xml:20:3-84
	android:name
		ADDED from src/main/AndroidManifest.xml:20:20-81
uses-feature#android.hardware.touchscreen
ADDED from src/main/AndroidManifest.xml:21:3-88
	android:required
		ADDED from src/main/AndroidManifest.xml:21:61-85
	android:name
		ADDED from src/main/AndroidManifest.xml:21:17-60
uses-feature#android.hardware.touchscreen.multitouch
ADDED from src/main/AndroidManifest.xml:22:3-99
	android:required
		ADDED from src/main/AndroidManifest.xml:22:72-96
	android:name
		ADDED from src/main/AndroidManifest.xml:22:17-71
uses-feature#android.hardware.touchscreen.multitouch.distinct
ADDED from src/main/AndroidManifest.xml:23:3-108
	android:required
		ADDED from src/main/AndroidManifest.xml:23:81-105
	android:name
		ADDED from src/main/AndroidManifest.xml:23:17-80
activity#com.google.ar.core.InstallActivity
ADDED from [:arcore_client:] AndroidManifest.xml:33:9-39:80
	android:excludeFromRecents
		ADDED from [:arcore_client:] AndroidManifest.xml:36:13-46
	android:launchMode
		ADDED from [:arcore_client:] AndroidManifest.xml:38:13-43
	android:exported
		ADDED from [:arcore_client:] AndroidManifest.xml:37:13-37
	android:configChanges
		ADDED from [:arcore_client:] AndroidManifest.xml:35:13-74
	android:theme
		ADDED from [:arcore_client:] AndroidManifest.xml:39:13-77
	android:name
		ADDED from [:arcore_client:] AndroidManifest.xml:34:13-62
meta-data#com.google.ar.core.min_apk_version
ADDED from [:arcore_client:] AndroidManifest.xml:41:9-43:41
	android:value
		ADDED from [:arcore_client:] AndroidManifest.xml:43:13-38
	android:name
		ADDED from [:arcore_client:] AndroidManifest.xml:42:13-62
uses-permission#android.permission.WRITE_EXTERNAL_STORAGE
IMPLIED from src/main/AndroidManifest.xml:2:1-24:12 reason: third_party.arcore.ar.unity has a targetSdkVersion < 4
uses-permission#android.permission.READ_PHONE_STATE
IMPLIED from src/main/AndroidManifest.xml:2:1-24:12 reason: third_party.arcore.ar.unity has a targetSdkVersion < 4
uses-permission#android.permission.READ_EXTERNAL_STORAGE
IMPLIED from src/main/AndroidManifest.xml:2:1-24:12 reason: third_party.arcore.ar.unity requested WRITE_EXTERNAL_STORAGE
meta-data#com.google.ar.core
ADDED from [:google_ar_required:] AndroidManifest.xml:8:9-81
	android:value
		ADDED from [:google_ar_required:] AndroidManifest.xml:8:54-78
	android:name
		ADDED from [:google_ar_required:] AndroidManifest.xml:8:20-53
uses-feature#android.hardware.camera.ar
ADDED from [:google_ar_required:] AndroidManifest.xml:10:5-86
	android:required
		ADDED from [:google_ar_required:] AndroidManifest.xml:10:61-84
	android:name
		ADDED from [:google_ar_required:] AndroidManifest.xml:10:19-60